This is pdfTeX, Version 3.14159265-2.6-1.40.16 (TeX Live 2015/Debian) (preloaded format=pdflatex 2018.10.13)  13 OCT 2018 14:53
entering extended mode
 restricted \write18 enabled.
 %&-line parsing enabled.
**revdiff.tex
(./revdiff.tex
LaTeX2e <2016/02/01>
Babel <3.9q> and hyphenation patterns for 81 language(s) loaded.
(./revtex4-1.cls
Document Class: revtex4-1 2010/07/25/20:33:00 4.1r (http://publish.aps.org/revt
ex4/ for documentation)
 Copyright (c) 2009 The American Physical Society.
 mailto:revtex@aps.org
 Licensed under the LPPL:
http://www.ctan.org/tex-archive/macros/latex/base/lppl.txt
 Arthur Ogawa <arthur_ogawa at sbcglobal dot net>
 Based on work by David Carlisle <david at dcarlisle.demon.co.uk>.
ltxutil[2010/07/25/20:33:00 4.1r utilities package (portions licensed from W. E
. Baxter web at superscript.com)]
LaTeX Info: Redefining \@centercr on input line 308.
Class revtex4-1 Info: Repairing broken LaTeX eqnarray on input line 358.
\eqncolsep=\skip41
Class revtex4-1 Info: Repairing hyperref-unfriendly LaTeX definition of \mpfoot
note on input line 433.
Class revtex4-1 Info: Repairing broken LateX \@sect on input line 755.
\intertabularlinepenalty=\count79
\@tbpen=\count80
\@arstrutbox@hline=\box26
Class revtex4-1 Info: Repairing broken LaTeX \@xbitor on input line 1786.
Class revtex4-1 Info: Making \typeout \long on input line 2046.
ltxfront[2010/07/25/20:33:00 4.1r frontmatter package (AO,DPC)]
\c@affil=\count81
\c@collab=\count82
\absbox=\box27
ltxgrid[2010/07/25/20:33:00 4.1r page grid package (portions licensed from W. E
. Baxter web at superscript.com)]
\c@linecount=\count83
\output@latex=\toks14
\box@size@1=\box28
\box@size@2=\box29
\@protection@box=\box30
\@topmark@saved=\toks15
\footins@saved=\box31
\footins@recovered=\box32
\column@recovered=\box33
\pagesofar=\box34
\footsofar=\box35
\pagegrid@col=\count84
Class revtex4-1 Info: Overriding \@vspace, \@vspacer, \@no@pgbk, \@newline, and
 \\  on input line 5578.
\c@part=\count85
\c@section=\count86
\c@subsection=\count87
\c@subsubsection=\count88
\c@paragraph=\count89
\c@subparagraph=\count90
\abovecaptionskip=\skip42
\belowcaptionskip=\skip43
\c@figure=\count91
\fbox@1=\box36
\c@table=\count92
\fbox@2=\box37
\c@video=\count93
\fbox@4=\box38
\@bibdataout=\write3
\widetext@top=\box39
\widetext@bot=\box40
Class revtex4-1 Info: Selecting society aps on input line 7542.
(./aps4-1.rtx
File: aps4-1 2010/07/25/20:33:00 4.1r (http://publish.aps.org/revtex4/ for docu
mentation)
Class revtex4-1 Info: RevTeX society APS selected on input line 31.
)
Class revtex4-1 Info: Selecting journal pra on input line 7544.
Class revtex4-1 Info: APS journal PRA selected on input line 7545.


Class revtex4-1 Warning: No type size specified, using default 10.

(/usr/share/texlive/texmf-dist/tex/latex/revtex/aps10pt4-1.rtx
File: aps10pt4-1 2010/07/25/20:33:00 4.1r (http://publish.aps.org/revtex4/ for 
documentation)
Class revtex4-1 Info: RevTeX pointsize 10pt selected on input line 30.
)
(/usr/share/texlive/texmf-dist/tex/latex/textcase/textcase.sty
Package: textcase 2004/10/07 v0.07 Text only upper/lower case changing (DPC)
)
(/usr/share/texlive/texmf-dist/tex/latex/url/url.sty
\Urlmuskip=\muskip10
Package: url 2013/09/16  ver 3.4  Verb mode for urls, etc.
)
(/usr/share/texlive/texmf-dist/tex/latex/natbib/natbib.sty
Package: natbib 2010/09/13 8.31b (PWD, AO)
\bibhang=\skip44
\bibsep=\skip45
LaTeX Info: Redefining \cite on input line 694.
\c@NAT@ctr=\count94
)
Class revtex4-1 Info: Repairing natbib's \BibitemShut on input line 7549.

(/usr/share/texlive/texmf-dist/tex/latex/revtex/revsymb4-1.sty
Package: revsymb4-1 2010/07/25/20:33:00 4.1r (http://publish.aps.org/revtex4/ f
or documentation)
LaTeX Info: Redefining \REV@mathfrak on input line 119.
))
(/usr/share/texlive/texmf-dist/tex/latex/base/fontenc.sty
Package: fontenc 2005/09/27 v1.99g Standard LaTeX package

(/usr/share/texlive/texmf-dist/tex/latex/base/t1enc.def
File: t1enc.def 2005/09/27 v1.99g Standard LaTeX file
LaTeX Font Info:    Redeclaring font encoding T1 on input line 48.
))
(/usr/share/texlive/texmf-dist/tex/latex/graphics/graphicx.sty
Package: graphicx 2014/10/28 v1.0g Enhanced LaTeX Graphics (DPC,SPQR)

(/usr/share/texlive/texmf-dist/tex/latex/graphics/keyval.sty
Package: keyval 2014/10/28 v1.15 key=value parser (DPC)
\KV@toks@=\toks16
)
(/usr/share/texlive/texmf-dist/tex/latex/graphics/graphics.sty
Package: graphics 2016/01/03 v1.0q Standard LaTeX Graphics (DPC,SPQR)

(/usr/share/texlive/texmf-dist/tex/latex/graphics/trig.sty
Package: trig 2016/01/03 v1.10 sin cos tan (DPC)
)
(/usr/share/texlive/texmf-dist/tex/latex/latexconfig/graphics.cfg
File: graphics.cfg 2010/04/23 v1.9 graphics configuration of TeX Live
)
Package graphics Info: Driver file: pdftex.def on input line 95.

(/usr/share/texlive/texmf-dist/tex/latex/pdftex-def/pdftex.def
File: pdftex.def 2011/05/27 v0.06d Graphics/color for pdfTeX

(/usr/share/texlive/texmf-dist/tex/generic/oberdiek/infwarerr.sty
Package: infwarerr 2010/04/08 v1.3 Providing info/warning/error messages (HO)
)
(/usr/share/texlive/texmf-dist/tex/generic/oberdiek/ltxcmds.sty
Package: ltxcmds 2011/11/09 v1.22 LaTeX kernel commands for general use (HO)
)
\Gread@gobject=\count95
))
\Gin@req@height=\dimen102
\Gin@req@width=\dimen103
)
(/usr/share/texlive/texmf-dist/tex/latex/tools/bm.sty
Package: bm 2014/10/28 v1.1c Bold Symbol Support (DPC/FMi)
\symboldoperators=\mathgroup4
\symboldletters=\mathgroup5
\symboldsymbols=\mathgroup6
LaTeX Font Info:    Redeclaring math alphabet \mathbf on input line 141.
LaTeX Info: Redefining \bm on input line 207.
)
(/usr/share/texlive/texmf-dist/tex/latex/graphics/color.sty
Package: color 2016/01/03 v1.1b Standard LaTeX Color (DPC)

(/usr/share/texlive/texmf-dist/tex/latex/latexconfig/color.cfg
File: color.cfg 2007/01/18 v1.5 color configuration of teTeX/TeXLive
)
Package color Info: Driver file: pdftex.def on input line 143.
)
(/usr/share/texlive/texmf-dist/tex/latex/amsmath/amsmath.sty
Package: amsmath 2016/03/03 v2.15a AMS math features
\@mathmargin=\skip46

For additional information on amsmath, use the `?' option.
(/usr/share/texlive/texmf-dist/tex/latex/amsmath/amstext.sty
Package: amstext 2000/06/29 v2.01 AMS text

(/usr/share/texlive/texmf-dist/tex/latex/amsmath/amsgen.sty
File: amsgen.sty 1999/11/30 v2.0 generic functions
\@emptytoks=\toks17
\ex@=\dimen104
)
LaTeX Info: Redefining \text on input line 28.
)
(/usr/share/texlive/texmf-dist/tex/latex/amsmath/amsbsy.sty
Package: amsbsy 1999/11/29 v1.2d Bold Symbols
LaTeX Info: Redefining \boldsymbol on input line 28.
\pmbraise@=\dimen105
)
(/usr/share/texlive/texmf-dist/tex/latex/amsmath/amsopn.sty
Package: amsopn 1999/12/14 v2.01 operator names
)
\inf@bad=\count96
LaTeX Info: Redefining \frac on input line 199.
\uproot@=\count97
\leftroot@=\count98
LaTeX Info: Redefining \overline on input line 297.
\classnum@=\count99
\DOTSCASE@=\count100
LaTeX Info: Redefining \ldots on input line 394.
LaTeX Info: Redefining \dots on input line 397.
LaTeX Info: Redefining \cdots on input line 518.
\Mathstrutbox@=\box41
\strutbox@=\box42
\big@size=\dimen106
LaTeX Font Info:    Redeclaring font encoding OML on input line 630.
LaTeX Font Info:    Redeclaring font encoding OMS on input line 631.
\macc@depth=\count101
\c@MaxMatrixCols=\count102
\dotsspace@=\muskip11
\c@parentequation=\count103
\dspbrk@lvl=\count104
\tag@help=\toks18
\row@=\count105
\column@=\count106
\maxfields@=\count107
\andhelp@=\toks19
\eqnshift@=\dimen107
\alignsep@=\dimen108
\tagshift@=\dimen109
\tagwidth@=\dimen110
\totwidth@=\dimen111
\lineht@=\dimen112
\@envbody=\toks20
\multlinegap=\skip47
\multlinetaggap=\skip48
\mathdisplay@stack=\toks21
LaTeX Info: Redefining \[ on input line 2735.
LaTeX Info: Redefining \] on input line 2736.
)
(/usr/share/texlive/texmf-dist/tex/generic/ulem/ulem.sty
\UL@box=\box43
\UL@hyphenbox=\box44
\UL@skip=\skip49
\UL@hook=\toks22
\UL@height=\dimen113
\UL@pe=\count108
\UL@pixel=\dimen114
\ULC@box=\box45
Package: ulem 2012/05/18
\ULdepth=\dimen115
)
Class revtex4-1 Info: Patching LaTeX tabular. on input line 35.
Class revtex4-1 Info: Robustifying \LaTeX's \boldmath command on input line 35.

Class revtex4-1 Info: cite was not loaded (OK!) on input line 35.
Class revtex4-1 Info: mcite was not loaded (OK!) on input line 35.
Class revtex4-1 Info: multicol was not loaded (OK!) on input line 35.

No file revdiff.aux.
\openout1 = `revdiff.aux'.

LaTeX Font Info:    Checking defaults for OML/cmm/m/it on input line 35.
LaTeX Font Info:    ... okay on input line 35.
LaTeX Font Info:    Checking defaults for T1/cmr/m/n on input line 35.
LaTeX Font Info:    ... okay on input line 35.
LaTeX Font Info:    Checking defaults for OT1/cmr/m/n on input line 35.
LaTeX Font Info:    ... okay on input line 35.
LaTeX Font Info:    Checking defaults for OMS/cmsy/m/n on input line 35.
LaTeX Font Info:    ... okay on input line 35.
LaTeX Font Info:    Checking defaults for OMX/cmex/m/n on input line 35.
LaTeX Font Info:    ... okay on input line 35.
LaTeX Font Info:    Checking defaults for U/cmr/m/n on input line 35.
LaTeX Font Info:    ... okay on input line 35.
(/usr/share/texlive/texmf-dist/tex/context/base/supp-pdf.mkii
[Loading MPS to PDF converter (version 2006.09.02).]
\scratchcounter=\count109
\scratchdimen=\dimen116
\scratchbox=\box46
\nofMPsegments=\count110
\nofMParguments=\count111
\everyMPshowfont=\toks23
\MPscratchCnt=\count112
\MPscratchDim=\dimen117
\MPnumerator=\count113
\makeMPintoPDFobject=\count114
\everyMPtoPDFconversion=\toks24
) (/usr/share/texlive/texmf-dist/tex/generic/oberdiek/pdftexcmds.sty
Package: pdftexcmds 2011/11/29 v0.20 Utility functions of pdfTeX for LuaTeX (HO
)

(/usr/share/texlive/texmf-dist/tex/generic/oberdiek/ifluatex.sty
Package: ifluatex 2010/03/01 v1.3 Provides the ifluatex switch (HO)
Package ifluatex Info: LuaTeX not detected.
)
(/usr/share/texlive/texmf-dist/tex/generic/oberdiek/ifpdf.sty
Package: ifpdf 2011/01/30 v2.3 Provides the ifpdf switch (HO)
Package ifpdf Info: pdfTeX in PDF mode is detected.
)
Package pdftexcmds Info: LuaTeX not detected.
Package pdftexcmds Info: \pdf@primitive is available.
Package pdftexcmds Info: \pdf@ifprimitive is available.
Package pdftexcmds Info: \pdfdraftmode found.
)
(/usr/share/texlive/texmf-dist/tex/latex/oberdiek/epstopdf-base.sty
Package: epstopdf-base 2010/02/09 v2.5 Base part for package epstopdf

(/usr/share/texlive/texmf-dist/tex/latex/oberdiek/grfext.sty
Package: grfext 2010/08/19 v1.1 Manage graphics extensions (HO)

(/usr/share/texlive/texmf-dist/tex/generic/oberdiek/kvdefinekeys.sty
Package: kvdefinekeys 2011/04/07 v1.3 Define keys (HO)
))
(/usr/share/texlive/texmf-dist/tex/latex/oberdiek/kvoptions.sty
Package: kvoptions 2011/06/30 v3.11 Key value format for package options (HO)

(/usr/share/texlive/texmf-dist/tex/generic/oberdiek/kvsetkeys.sty
Package: kvsetkeys 2012/04/25 v1.16 Key value parser (HO)

(/usr/share/texlive/texmf-dist/tex/generic/oberdiek/etexcmds.sty
Package: etexcmds 2011/02/16 v1.5 Avoid name clashes with e-TeX commands (HO)
Package etexcmds Info: Could not find \expanded.
(etexcmds)             That can mean that you are not using pdfTeX 1.50 or
(etexcmds)             that some package has redefined \expanded.
(etexcmds)             In the latter case, load this package earlier.
)))
Package grfext Info: Graphics extension search list:
(grfext)             [.png,.pdf,.jpg,.mps,.jpeg,.jbig2,.jb2,.PNG,.PDF,.JPG,.JPE
G,.JBIG2,.JB2,.eps]
(grfext)             \AppendGraphicsExtensions on input line 452.

(/usr/share/texlive/texmf-dist/tex/latex/latexconfig/epstopdf-sys.cfg
File: epstopdf-sys.cfg 2010/07/13 v1.3 Configuration of (r)epstopdf for TeX Liv
e
))
\openout3 = `revdiffNotes.bib'.



Package natbib Warning: Citation `Friedenauer2008' on page 1 undefined on input
 line 63.


Package natbib Warning: Citation `Kim2010' on page 1 undefined on input line 63
.


Package natbib Warning: Citation `Struck2011' on page 1 undefined on input line
 63.


Package natbib Warning: Citation `Simon2011' on page 1 undefined on input line 
63.


Package natbib Warning: Citation `Yan2013' on page 1 undefined on input line 63
.


Package natbib Warning: Citation `Greif2013' on page 1 undefined on input line 
63.


Package natbib Warning: Citation `Murmann2015' on page 1 undefined on input lin
e 63.


Package natbib Warning: Citation `Drewes2017' on page 1 undefined on input line
 63.


Package natbib Warning: Citation `Bakr2009' on page 1 undefined on input line 6
4.


Package natbib Warning: Citation `Sherson2010' on page 1 undefined on input lin
e 64.


Package natbib Warning: Citation `Haller2015' on page 1 undefined on input line
 64.


Package natbib Warning: Citation `Cheuk2015' on page 1 undefined on input line 
64.


Package natbib Warning: Citation `Parsons2015' on page 1 undefined on input lin
e 64.


Package natbib Warning: Citation `Edge2015' on page 1 undefined on input line 6
4.


Package natbib Warning: Citation `Omran2015' on page 1 undefined on input line 
64.


Package natbib Warning: Citation `Greif2016' on page 1 undefined on input line 
64.


Package natbib Warning: Citation `Cheuk2016' on page 1 undefined on input line 
64.


Package natbib Warning: Citation `Parsons2016' on page 1 undefined on input lin
e 64.


Package natbib Warning: Citation `Boll2016' on page 1 undefined on input line 6
4.


Package natbib Warning: Citation `Cheuk2016a' on page 1 undefined on input line
 64.


Package natbib Warning: Citation `Brown2017' on page 1 undefined on input line 
64.


Package natbib Warning: Citation `Hubbard1963' on page 1 undefined on input lin
e 64.


Package natbib Warning: Citation `Mazurenko2017' on page 1 undefined on input l
ine 64.


Package natbib Warning: Citation `Chiu2018' on page 1 undefined on input line 6
4.


Package natbib Warning: Citation `Blatt2015' on page 1 undefined on input line 
66.


Package natbib Warning: Citation `Preiss2015' on page 1 undefined on input line
 67.


Package natbib Warning: Citation `Choi2016' on page 1 undefined on input line 6
7.


Package natbib Warning: Citation `Mazurenko2017' on page 1 undefined on input l
ine 67.


Package natbib Warning: Citation `Chiu2018' on page 1 undefined on input line 6
7.


Package natbib Warning: Citation `Blatt2015' on page 1 undefined on input line 
69.

<Figure1.pdf, id=1, 241.90375pt x 328.72812pt>
File: Figure1.pdf Graphic file (type pdf)
 <use Figure1.pdf>
Package pdftex.def Info: Figure1.pdf used on input line 74.
(pdftex.def)             Requested size: 196.80075pt x 267.44707pt.


LaTeX Warning: Reference `fig:high_level' on page 1 undefined on input line 79.



Package natbib Warning: Citation `Huber2014' on page 1 undefined on input line 
79.


Package natbib Warning: Citation `Blatt2015' on page 1 undefined on input line 
79.


Package natbib Warning: Citation `Parsons2016' on page 1 undefined on input lin
e 79.


Package natbib Warning: Citation `Parsons2015' on page 1 undefined on input lin
e 80.


Package natbib Warning: Citation `Huber2014' on page 1 undefined on input line 
90.


Package natbib Warning: Citation `Blatt2015' on page 1 undefined on input line 
97.


Package natbib Warning: Citation `Parsons2016' on page 1 undefined on input lin
e 97.


Package natbib Warning: Citation `Huber2014' on page 1 undefined on input line 
97.

[1{/var/lib/texmf/fonts/map/pdftex/updmap/pdftex.map} <./Figure1.pdf>]
<Figure2.pdf, id=42, 487.0998pt x 297.82066pt>
File: Figure2.pdf Graphic file (type pdf)
 <use Figure2.pdf>
Package pdftex.def Info: Figure2.pdf used on input line 102.
(pdftex.def)             Requested size: 487.0986pt x 297.81992pt.


Package natbib Warning: Citation `Parsons2015' on page 2 undefined on input lin
e 108.


Package natbib Warning: Citation `Huber2014' on page 2 undefined on input line 
113.


LaTeX Warning: Reference `fig:noises' on page 2 undefined on input line 120.


Underfull \hbox (badness 1137) in paragraph at lines 136--138
 |   []   |   []   |   []   |   []   |   []   |   []   |   []   |   []
 []


Package natbib Warning: Citation `Agrawal2013' on page 2 undefined on input lin
e 141.


LaTeX Warning: Reference `fig:noises' on page 2 undefined on input line 148.


Underfull \hbox (badness 1137) in paragraph at lines 156--156
 |   []   |   []   |   []   |   []   |   []   |   []   |   []   |   []
 []


Package natbib Warning: Citation `Agrawal2013' on page 2 undefined on input lin
e 159.


Package natbib Warning: Citation `Agrawal2013' on page 2 undefined on input lin
e 161.


LaTeX Warning: Reference `fig:noises' on page 2 undefined on input line 163.

[2]
Underfull \hbox (badness 2961) in paragraph at lines 181--182
 []\T1/cmr/m/n/10 By con-struc-tion, the beam is retro-reflected,
 []

<Figure3.pdf, id=47, 411.939pt x 160.26576pt>
File: Figure3.pdf Graphic file (type pdf)
 <use Figure3.pdf>
Package pdftex.def Info: Figure3.pdf used on input line 186.
(pdftex.def)             Requested size: 411.93797pt x 160.26535pt.


LaTeX Warning: Reference `fig:optical_layout' on page 3 undefined on input line
 191.

[3 <./Figure2.pdf>]

Package natbib Warning: Citation `Yoshida1999' on page 4 undefined on input lin
e 200.


Package natbib Warning: Citation `Blatt2015' on page 4 undefined on input line 
210.


Package natbib Warning: Citation `Parsons2015' on page 4 undefined on input lin
e 217.


LaTeX Warning: Reference `fig:optical_layout' on page 4 undefined on input line
 221.


LaTeX Warning: Reference `fig:berek' on page 4 undefined on input line 225.

<Figure4.pdf, id=67, 243.5499pt x 151.27315pt>
File: Figure4.pdf Graphic file (type pdf)
 <use Figure4.pdf>
Package pdftex.def Info: Figure4.pdf used on input line 228.
(pdftex.def)             Requested size: 243.5493pt x 151.27277pt.
 [4 <./Figure3.pdf>] <Figure5.pdf, id=100, 385.47615pt x 231.26901pt>
File: Figure5.pdf Graphic file (type pdf)
 <use Figure5.pdf>
Package pdftex.def Info: Figure5.pdf used on input line 238.
(pdftex.def)             Requested size: 246.0pt x 147.59172pt.


LaTeX Warning: Reference `fig:berek' on page 5 undefined on input line 242.


Package natbib Warning: Citation `Bechhoefer2005' on page 5 undefined on input 
line 247.


LaTeX Warning: Reference `fig:berek_step_response' on page 5 undefined on input
 line 247.


Package natbib Warning: Citation `Blatt2015' on page 5 undefined on input line 
257.


Package natbib Warning: Citation `Parsons2015' on page 5 undefined on input lin
e 258.

[5 <./Figure4.pdf> <./Figure5.pdf>]
<Figure6.pdf, id=160, 243.91125pt x 118.34113pt>
File: Figure6.pdf Graphic file (type pdf)
 <use Figure6.pdf>
Package pdftex.def Info: Figure6.pdf used on input line 272.
(pdftex.def)             Requested size: 243.91064pt x 118.34082pt.


LaTeX Warning: Reference `fig:circuits' on page 6 undefined on input line 276.


LaTeX Warning: Reference `fig:optical_layout' on page 6 undefined on input line
 276.


LaTeX Warning: Reference `fig:circuits' on page 6 undefined on input line 276.


LaTeX Warning: Reference `fig:circuits' on page 6 undefined on input line 281.


LaTeX Warning: Reference `fig:circuits' on page 6 undefined on input line 282.


LaTeX Warning: Reference `fig:circuits' on page 6 undefined on input line 282.


LaTeX Warning: Reference `fig:circuits' on page 6 undefined on input line 287.


LaTeX Warning: Reference `fig:pll' on page 6 undefined on input line 293.


Underfull \hbox (badness 3536) in paragraph at lines 291--296
|   []   |   []   |   []   |   []   |   []   |   []   |   []   |   []
 []

<Figure7.pdf, id=161, 237.74823pt x 282.55562pt>
File: Figure7.pdf Graphic file (type pdf)
 <use Figure7.pdf>
Package pdftex.def Info: Figure7.pdf used on input line 299.
(pdftex.def)             Requested size: 237.74763pt x 282.55492pt.

<Figure8.jpg, id=162, 3276.24pt x 2457.18pt>
File: Figure8.jpg Graphic file (type jpg)
 <use Figure8.jpg>
Package pdftex.def Info: Figure8.jpg used on input line 308.
(pdftex.def)             Requested size: 246.0pt x 184.46802pt.


Package natbib Warning: Citation `Blatt2015' on page 6 undefined on input line 
314.


Package natbib Warning: Citation `Graeme1995' on page 6 undefined on input line
 315.


LaTeX Warning: Reference `fig:cut_pd' on page 6 undefined on input line 321.


LaTeX Warning: Reference `fig:circuits' on page 6 undefined on input line 323.

[6 <./Figure6.pdf>]

LaTeX Warning: A float is stuck (cannot be placed); try class option [floatfix]
 on input line 326.


LaTeX Warning: Reference `fig:da_rin' on page 7 undefined on input line 334.

<Figure9.pdf, id=190, 227.2199pt x 137.22166pt>
File: Figure9.pdf Graphic file (type pdf)
 <use Figure9.pdf>
Package pdftex.def Info: Figure9.pdf used on input line 340.
(pdftex.def)             Requested size: 227.21933pt x 137.22131pt.


LaTeX Warning: Reference `fig:circuits' on page 7 undefined on input line 349.


Package natbib Warning: Citation `Skogestad2003' on page 7 undefined on input l
ine 353.

[7 <./Figure7.pdf> <./Figure8.jpg>]

LaTeX Warning: A float is stuck (cannot be placed); try class option [floatfix]
 on input line 355.


LaTeX Warning: Reference `fig:bandwidth' on page 8 undefined on input line 363.



Package natbib Warning: Citation `Horowitz2015' on page 8 undefined on input li
ne 365.

<Figure10.pdf, id=228, 236.6712pt x 295.52005pt>
File: Figure10.pdf Graphic file (type pdf)
 <use Figure10.pdf>
Package pdftex.def Info: Figure10.pdf used on input line 370.
(pdftex.def)             Requested size: 236.67061pt x 295.51932pt.

<Figure11.pdf, id=229, 484.40271pt x 141.21158pt>
File: Figure11.pdf Graphic file (type pdf)
 <use Figure11.pdf>
Package pdftex.def Info: Figure11.pdf used on input line 377.
(pdftex.def)             Requested size: 484.40152pt x 141.21123pt.


LaTeX Warning: Reference `fig:noises' on page 8 undefined on input line 378.


LaTeX Warning: Reference `fig:noises' on page 8 undefined on input line 378.


Package natbib Warning: Citation `Bechhoefer2005' on page 8 undefined on input 
line 382.

[8 <./Figure9.pdf> <./Figure10.pdf>]

LaTeX Warning: Reference `fig:noises' on page 9 undefined on input line 395.


Package natbib Warning: Citation `Horowitz2015' on page 9 undefined on input li
ne 396.


LaTeX Warning: Reference `fig:low_pass_noises' on page 9 undefined on input lin
e 399.


LaTeX Warning: Reference `fig:noises' on page 9 undefined on input line 399.


Package natbib Warning: Citation `Preiss2015' on page 9 undefined on input line
 414.


Package natbib Warning: Citation `Choi2016' on page 9 undefined on input line 4
14.


Package natbib Warning: Citation `Mazurenko2017' on page 9 undefined on input l
ine 414.


Package natbib Warning: Citation `Huber2014' on page 9 undefined on input line 
418.


LaTeX Warning: Reference `fig:averaged_mott' on page 9 undefined on input line 
420.

[9 <./Figure11.pdf>] <Figure12.pdf, id=302, 457.89067pt x 202.7575pt>
File: Figure12.pdf Graphic file (type pdf)

<use Figure12.pdf>
Package pdftex.def Info: Figure12.pdf used on input line 424.
(pdftex.def)             Requested size: 457.88954pt x 202.757pt.


Package natbib Warning: Citation `Greif2016' on page 10 undefined on input line
 425.


Package natbib Warning: Citation `Greif2016' on page 10 undefined on input line
 425.


Package natbib Warning: Citation `Mazurenko2017' on page 10 undefined on input 
line 432.


Package natbib Warning: Citation `Parsons2015' on page 10 undefined on input li
ne 453.


LaTeX Warning: Reference `fig:stability' on page 10 undefined on input line 458
.


Package natbib Warning: Citation `Huber2014' on page 10 undefined on input line
 459.


LaTeX Warning: Reference `fig:stability' on page 10 undefined on input line 462
.

<Figure13.pdf, id=303, 361.35pt x 448.882pt>
File: Figure13.pdf Graphic file (type pdf)
 <use Figure13.pdf>
Package pdftex.def Info: Figure13.pdf used on input line 468.
(pdftex.def)             Requested size: 246.0pt x 305.59187pt.


Package natbib Warning: Citation `Parsons2015' on page 10 undefined on input li
ne 474.


LaTeX Warning: Reference `fig:stability' on page 10 undefined on input line 475
.

[10] <Figure14.pdf, id=307, 279.79532pt x 456.70625pt>
File: Figure14.pdf Graphic file (type pdf)
 <use Figure14.pdf>
Package pdftex.def Info: Figure14.pdf used on input line 482.
(pdftex.def)             Requested size: 246.0pt x 401.56126pt.


LaTeX Warning: Reference `fig:averaged_mott' on page 11 undefined on input line
 483.


LaTeX Warning: Reference `fig:averaged_mott' on page 11 undefined on input line
 483.


LaTeX Warning: Reference `fig:stability' on page 11 undefined on input line 489
.


LaTeX Warning: Reference `fig:stability' on page 11 undefined on input line 491
.


Package natbib Warning: Citation `Parsons2016' on page 11 undefined on input li
ne 501.


Package natbib Warning: Citation `Greif2016' on page 11 undefined on input line
 501.


LaTeX Warning: Reference `fig:long_term_stability' on page 11 undefined on inpu
t line 502.


LaTeX Warning: Reference `fig:noises' on page 11 undefined on input line 508.


Package natbib Warning: Citation `Mazurenko2017' on page 11 undefined on input 
line 510.


Package natbib Warning: Citation `Chiu2018' on page 11 undefined on input line 
510.

[11 <./Figure12.pdf>]

LaTeX Warning: A float is stuck (cannot be placed); try class option [floatfix]
 on input line 511.


LaTeX Warning: Reference `LastBibItem' on page 12 undefined on input line 522.


Underfull \hbox (badness 2368) in paragraph at lines 752--759
 []\T1/cmr/m/n/9 M. F. Par-sons, F. Hu-ber, A. Mazurenko, C. S.
 []

[12 <./Figure13.pdf>]

LaTeX Warning: A float is stuck (cannot be placed); try class option [floatfix]
 on input line 774.


Package natbib Warning: There were undefined citations.

[13 <./Figure14.pdf>] (./revdiff.aux

Package natbib Warning: Citation(s) may have changed.
(natbib)                Rerun to get citations correct.

)

LaTeX Warning: There were undefined references.


LaTeX Warning: Label(s) may have changed. Rerun to get cross-references right .


 ) 
Here is how much of TeX's memory you used:
 4765 strings out of 493029
 61873 string characters out of 6136233
 166820 words of memory out of 5000000
 8221 multiletter control sequences out of 15000+600000
 18604 words of font info for 50 fonts, out of 8000000 for 9000
 1141 hyphenation exceptions out of 8191
 38i,7n,31p,888b,400s stack positions out of 5000i,500n,10000p,200000b,80000s
{/usr/share/texmf/fonts/enc/dvips/cm-super/cm-super-t1.enc}</usr/share/texliv
e/texmf-dist/fonts/type1/public/amsfonts/cm/cmmi10.pfb></usr/share/texlive/texm
f-dist/fonts/type1/public/amsfonts/cm/cmmi6.pfb></usr/share/texlive/texmf-dist/
fonts/type1/public/amsfonts/cm/cmmi7.pfb></usr/share/texlive/texmf-dist/fonts/t
ype1/public/amsfonts/cm/cmmi9.pfb></usr/share/texlive/texmf-dist/fonts/type1/pu
blic/amsfonts/cm/cmr10.pfb></usr/share/texlive/texmf-dist/fonts/type1/public/am
sfonts/cm/cmr7.pfb></usr/share/texlive/texmf-dist/fonts/type1/public/amsfonts/c
m/cmr9.pfb></usr/share/texlive/texmf-dist/fonts/type1/public/amsfonts/cm/cmsy10
.pfb></usr/share/texlive/texmf-dist/fonts/type1/public/amsfonts/cm/cmsy6.pfb></
usr/share/texlive/texmf-dist/fonts/type1/public/amsfonts/cm/cmsy7.pfb></usr/sha
re/texlive/texmf-dist/fonts/type1/public/amsfonts/cm/cmsy9.pfb></usr/share/texl
ive/texmf-dist/fonts/type1/public/amsfonts/latxfont/lasy6.pfb></usr/share/texmf
/fonts/type1/public/cm-super/sfbx0900.pfb></usr/share/texmf/fonts/type1/public/
cm-super/sfbx1000.pfb></usr/share/texmf/fonts/type1/public/cm-super/sfbx1200.pf
b></usr/share/texmf/fonts/type1/public/cm-super/sfrm0900.pfb></usr/share/texmf/
fonts/type1/public/cm-super/sfrm1000.pfb></usr/share/texmf/fonts/type1/public/c
m-super/sfti0900.pfb></usr/share/texmf/fonts/type1/public/cm-super/sfti1000.pfb
>
Output written on revdiff.pdf (13 pages, 7669371 bytes).
PDF statistics:
 504 PDF objects out of 1000 (max. 8388607)
 282 compressed objects within 3 object streams
 0 named destinations out of 1000 (max. 500000)
 71 words of extra memory for PDF output out of 10000 (max. 10000000)

